<?xml version="1.0" encoding="UTF-8"?>
<!-- Generated by org.testng.reporters.JUnitXMLReporter -->
<testsuite hostname="Tarit" ignored="0" name="ApplyFilter" tests="4" failures="0" timestamp="04 Sep 2020 08:13:25 GMT" time="41.202" errors="0">
  <testcase name="selectMinRangeFilter" time="1.823" classname="testsCases.TcApplyFilter"/>
  <testcase name="selectMaxRangeFilter" time="0.69" classname="testsCases.TcApplyFilter"/>
  <testcase name="selectRam" time="0.68" classname="testsCases.TcApplyFilter"/>
  <testcase name="selectProcessor" time="37.215" classname="testsCases.TcApplyFilter"/>
</testsuite> <!-- ApplyFilter -->
