<?xml version="1.0" encoding="UTF-8"?>
<!-- Generated by org.testng.reporters.JUnitXMLReporter -->
<testsuite hostname="Tarit" ignored="0" name="ApplyFilter" tests="4" failures="0" timestamp="04 Sep 2020 05:42:20 GMT" time="41.941" errors="0">
  <testcase name="selectMinRangeFilter" time="1.942" classname="testsCases.TcApplyFilter"/>
  <testcase name="selectMaxRangeFilter" time="0.655" classname="testsCases.TcApplyFilter"/>
  <testcase name="selectRam" time="1.246" classname="testsCases.TcApplyFilter"/>
  <testcase name="selectProcessor" time="37.348" classname="testsCases.TcApplyFilter"/>
</testsuite> <!-- ApplyFilter -->
