<?xml version="1.0" encoding="UTF-8"?>
<!-- Generated by org.testng.reporters.JUnitXMLReporter -->
<testsuite hostname="Tarit" ignored="0" name="LoadUrl" tests="3" failures="0" timestamp="04 Sep 2020 08:12:44 GMT" time="19.632" errors="0">
  <testcase name="urlLunch" time="17.196" classname="testsCases.TCLoadUrl"/>
  <testcase name="afterPopUpClose" time="0.456" classname="testsCases.TCLoadUrl"/>
  <testcase name="searchItem" time="0.728" classname="testsCases.TCLoadUrl"/>
</testsuite> <!-- LoadUrl -->
