<?xml version="1.0" encoding="UTF-8"?>
<!-- Generated by org.testng.reporters.JUnitXMLReporter -->
<testsuite hostname="Tarit" ignored="0" name="LoadUrl" tests="3" failures="0" timestamp="04 Sep 2020 08:45:45 GMT" time="8.775" errors="0">
  <testcase name="urlLunch" time="7.178" classname="testsCases.TCLoadUrl"/>
  <testcase name="afterPopUpClose" time="0.337" classname="testsCases.TCLoadUrl"/>
  <testcase name="searchItem" time="0.567" classname="testsCases.TCLoadUrl"/>
</testsuite> <!-- LoadUrl -->
